<?xml version="1.0" encoding="UTF-8"?>
<!-- Generated by org.testng.reporters.JUnitReportReporter -->
<testsuite skipped="0" hostname="PULT-48585" name="com.MyStore.TestCases.LoginPageTest" tests="3" failures="0" timestamp="09 Feb 2021 06:32:03 GMT" time="73.197" errors="0">
  <testcase name="loginPageTitleTest" time="16.410" classname="com.MyStore.TestCases.LoginPageTest"/>
  <testcase name="crmLogoImageTest" time="29.792" classname="com.MyStore.TestCases.LoginPageTest"/>
  <testcase name="loginTest" time="26.995" classname="com.MyStore.TestCases.LoginPageTest"/>
</testsuite> <!-- com.MyStore.TestCases.LoginPageTest -->
