<?xml version="1.0" encoding="UTF-8"?>
<!-- Generated by org.testng.reporters.JUnitReportReporter -->
<testsuite skipped="0" hostname="PULT-48585" name="com.MyStore.TestCases.HomePageTest" tests="2" failures="0" timestamp="10 Feb 2021 08:00:52 GMT" time="55.580" errors="0">
  <testcase name="loginPageTitleTest" time="26.741" classname="com.MyStore.TestCases.HomePageTest"/>
  <testcase name="verifyUserNameTest" time="28.839" classname="com.MyStore.TestCases.HomePageTest"/>
</testsuite> <!-- com.MyStore.TestCases.HomePageTest -->
